# JRE version: OpenJDK Runtime Environment (8.0_152-b01) (build 1.8.0_152-release-915-b01)
# Java VM: OpenJDK 64-Bit Server VM (25.152-b01 mixed mode linux-amd64 compressed oops)
Heap:
 PSYoungGen      total 761344K, used 0K [0x000000076ab00000, 0x00000007aa300000, 0x00000007c0000000)
  eden space 596992K, 0% used [0x000000076ab00000,0x000000076ab00000,0x000000078f200000)
  from space 164352K, 0% used [0x000000078f200000,0x000000078f200000,0x0000000799280000)
  to   space 166912K, 0% used [0x00000007a0000000,0x00000007a0000000,0x00000007aa300000)
 ParOldGen       total 775680K, used 691393K [0x00000006c0000000, 0x00000006ef580000, 0x000000076ab00000)
  object space 775680K, 89% used [0x00000006c0000000,0x00000006ea3307e0,0x00000006ef580000)
 Metaspace       used 6692K, capacity 7320K, committed 7680K, reserved 1056768K
  class space    used 613K, capacity 656K, committed 768K, reserved 1048576K
GC Heap History (10 events):
Event: 12,483 GC heap after
Heap after GC invocations=14 (full 2):
 PSYoungGen      total 724992K, used 127982K [0x000000076ab00000, 0x00000007a6800000, 0x00000007c0000000)
  eden space 596992K, 0% used [0x000000076ab00000,0x000000076ab00000,0x000000078f200000)
  from space 128000K, 99% used [0x0000000799280000,0x00000007a0f7bb70,0x00000007a0f80000)
  to   space 164352K, 0% used [0x000000078f200000,0x000000078f200000,0x0000000799280000)
 ParOldGen       total 299008K, used 269554K [0x00000006c0000000, 0x00000006d2400000, 0x000000076ab00000)
  object space 299008K, 90% used [0x00000006c0000000,0x00000006d073cb48,0x00000006d2400000)
 Metaspace       used 6676K, capacity 7320K, committed 7680K, reserved 1056768K
  class space    used 612K, capacity 656K, committed 768K, reserved 1048576K
}
Event: 12,483 GC heap before
{Heap before GC invocations=15 (full 3):
 PSYoungGen      total 724992K, used 127982K [0x000000076ab00000, 0x00000007a6800000, 0x00000007c0000000)
  eden space 596992K, 0% used [0x000000076ab00000,0x000000076ab00000,0x000000078f200000)
  from space 128000K, 99% used [0x0000000799280000,0x00000007a0f7bb70,0x00000007a0f80000)
  to   space 164352K, 0% used [0x000000078f200000,0x000000078f200000,0x0000000799280000)
 ParOldGen       total 299008K, used 269554K [0x00000006c0000000, 0x00000006d2400000, 0x000000076ab00000)
  object space 299008K, 90% used [0x00000006c0000000,0x00000006d073cb48,0x00000006d2400000)
 Metaspace       used 6676K, capacity 7320K, committed 7680K, reserved 1056768K
  class space    used 612K, capacity 656K, committed 768K, reserved 1048576K
Event: 14,084 GC heap after
Heap after GC invocations=15 (full 3):
 PSYoungGen      total 724992K, used 92337K [0x000000076ab00000, 0x00000007a6800000, 0x00000007c0000000)
  eden space 596992K, 0% used [0x000000076ab00000,0x000000076ab00000,0x000000078f200000)
  from space 128000K, 72% used [0x0000000799280000,0x000000079ecac530,0x00000007a0f80000)
  to   space 164352K, 0% used [0x000000078f200000,0x000000078f200000,0x0000000799280000)
 ParOldGen       total 491008K, used 298874K [0x00000006c0000000, 0x00000006ddf80000, 0x000000076ab00000)
  object space 491008K, 60% used [0x00000006c0000000,0x00000006d23dea50,0x00000006ddf80000)
 Metaspace       used 6676K, capacity 7320K, committed 7680K, reserved 1056768K
  class space    used 612K, capacity 656K, committed 768K, reserved 1048576K
}
Event: 15,667 GC heap before
{Heap before GC invocations=16 (full 3):
 PSYoungGen      total 724992K, used 689329K [0x000000076ab00000, 0x00000007a6800000, 0x00000007c0000000)
  eden space 596992K, 100% used [0x000000076ab00000,0x000000078f200000,0x000000078f200000)
  from space 128000K, 72% used [0x0000000799280000,0x000000079ecac530,0x00000007a0f80000)
  to   space 164352K, 0% used [0x000000078f200000,0x000000078f200000,0x0000000799280000)
 ParOldGen       total 491008K, used 298874K [0x00000006c0000000, 0x00000006ddf80000, 0x000000076ab00000)
  object space 491008K, 60% used [0x00000006c0000000,0x00000006d23dea50,0x00000006ddf80000)
 Metaspace       used 6689K, capacity 7320K, committed 7680K, reserved 1056768K
  class space    used 613K, capacity 656K, committed 768K, reserved 1048576K
Event: 16,106 GC heap after
Heap after GC invocations=16 (full 3):
 PSYoungGen      total 761344K, used 92479K [0x000000076ab00000, 0x00000007aa300000, 0x00000007c0000000)
  eden space 596992K, 0% used [0x000000076ab00000,0x000000076ab00000,0x000000078f200000)
  from space 164352K, 56% used [0x000000078f200000,0x0000000794c4fe98,0x0000000799280000)
  to   space 166912K, 0% used [0x00000007a0000000,0x00000007a0000000,0x00000007aa300000)
 ParOldGen       total 491008K, used 392158K [0x00000006c0000000, 0x00000006ddf80000, 0x000000076ab00000)
  object space 491008K, 79% used [0x00000006c0000000,0x00000006d7ef7b18,0x00000006ddf80000)
 Metaspace       used 6689K, capacity 7320K, committed 7680K, reserved 1056768K
  class space    used 613K, capacity 656K, committed 768K, reserved 1048576K
}
Event: 18,306 GC heap before
{Heap before GC invocations=17 (full 3):
 PSYoungGen      total 761344K, used 689471K [0x000000076ab00000, 0x00000007aa300000, 0x00000007c0000000)
  eden space 596992K, 100% used [0x000000076ab00000,0x000000078f200000,0x000000078f200000)
  from space 164352K, 56% used [0x000000078f200000,0x0000000794c4fe98,0x0000000799280000)
  to   space 166912K, 0% used [0x00000007a0000000,0x00000007a0000000,0x00000007aa300000)
 ParOldGen       total 491008K, used 392158K [0x00000006c0000000, 0x00000006ddf80000, 0x000000076ab00000)
  object space 491008K, 79% used [0x00000006c0000000,0x00000006d7ef7b18,0x00000006ddf80000)
 Metaspace       used 6689K, capacity 7320K, committed 7680K, reserved 1056768K
  class space    used 613K, capacity 656K, committed 768K, reserved 1048576K
Event: 21,020 GC heap after
Heap after GC invocations=17 (full 3):
 PSYoungGen      total 761344K, used 689471K [0x000000076ab00000, 0x00000007aa300000, 0x00000007c0000000)
  eden space 596992K, 100% used [0x000000076ab00000,0x000000078f200000,0x000000078f200000)
  from space 164352K, 56% used [0x000000078f200000,0x0000000794c4fe98,0x0000000799280000)
  to   space 166912K, 99% used [0x00000007a0000000,0x00000007aa2fa520,0x00000007aa300000)
 ParOldGen       total 519680K, used 519475K [0x00000006c0000000, 0x00000006dfb80000, 0x000000076ab00000)
  object space 519680K, 99% used [0x00000006c0000000,0x00000006dfb4cc48,0x00000006dfb80000)
 Metaspace       used 6689K, capacity 7320K, committed 7680K, reserved 1056768K
  class space    used 613K, capacity 656K, committed 768K, reserved 1048576K
}
Event: 21,021 GC heap before
{Heap before GC invocations=18 (full 4):
 PSYoungGen      total 761344K, used 689471K [0x000000076ab00000, 0x00000007aa300000, 0x00000007c0000000)
  eden space 596992K, 100% used [0x000000076ab00000,0x000000078f200000,0x000000078f200000)
  from space 164352K, 56% used [0x000000078f200000,0x0000000794c4fe98,0x0000000799280000)
  to   space 166912K, 99% used [0x00000007a0000000,0x00000007aa2fa520,0x00000007aa300000)
 ParOldGen       total 519680K, used 519475K [0x00000006c0000000, 0x00000006dfb80000, 0x000000076ab00000)
  object space 519680K, 99% used [0x00000006c0000000,0x00000006dfb4cc48,0x00000006dfb80000)
 Metaspace       used 6689K, capacity 7320K, committed 7680K, reserved 1056768K
  class space    used 613K, capacity 656K, committed 768K, reserved 1048576K
Event: 23,652 GC heap after
Heap after GC invocations=18 (full 4):
 PSYoungGen      total 761344K, used 0K [0x000000076ab00000, 0x00000007aa300000, 0x00000007c0000000)
  eden space 596992K, 0% used [0x000000076ab00000,0x000000076ab00000,0x000000078f200000)
  from space 164352K, 0% used [0x000000078f200000,0x000000078f200000,0x0000000799280000)
  to   space 166912K, 96% used [0x00000007a0000000,0x00000007a9d1e9e8,0x00000007aa300000)
 ParOldGen       total 775680K, used 519538K [0x00000006c0000000, 0x00000006ef580000, 0x000000076ab00000)
  object space 775680K, 66% used [0x00000006c0000000,0x00000006dfb5ca20,0x00000006ef580000)
 Metaspace       used 6689K, capacity 7320K, committed 7680K, reserved 1056768K
  class space    used 613K, capacity 656K, committed 768K, reserved 1048576K
}
Event: 25,115 GC heap before
{Heap before GC invocations=19 (full 5):
 PSYoungGen      total 761344K, used 596992K [0x000000076ab00000, 0x00000007aa300000, 0x00000007c0000000)
  eden space 596992K, 100% used [0x000000076ab00000,0x000000078f200000,0x000000078f200000)
  from space 164352K, 0% used [0x000000078f200000,0x000000078f200000,0x0000000799280000)
  to   space 166912K, 96% used [0x00000007a0000000,0x00000007a9d1e9e8,0x00000007aa300000)
 ParOldGen       total 775680K, used 519538K [0x00000006c0000000, 0x00000006ef580000, 0x000000076ab00000)
  object space 775680K, 66% used [0x00000006c0000000,0x00000006dfb5ca20,0x00000006ef580000)
 Metaspace       used 6692K, capacity 7320K, committed 7680K, reserved 1056768K
  class space    used 613K, capacity 656K, committed 768K, reserved 1048576K

