# JRE version: OpenJDK Runtime Environment (8.0_152-b01) (build 1.8.0_152-release-915-b01)
# Java VM: OpenJDK 64-Bit Server VM (25.152-b01 mixed mode linux-amd64 compressed oops)
Heap:
 PSYoungGen      total 901120K, used 192305K [0x000000076ab00000, 0x00000007b7100000, 0x00000007c0000000)
  eden space 633856K, 0% used [0x000000076ab00000,0x000000076ab00000,0x0000000791600000)
  from space 267264K, 71% used [0x00000007a6c00000,0x00000007b27cc458,0x00000007b7100000)
  to   space 225280K, 0% used [0x0000000791600000,0x0000000791600000,0x000000079f200000)
 ParOldGen       total 738816K, used 738524K [0x00000006c0000000, 0x00000006ed180000, 0x000000076ab00000)
  object space 738816K, 99% used [0x00000006c0000000,0x00000006ed137388,0x00000006ed180000)
 Metaspace       used 6863K, capacity 7448K, committed 7680K, reserved 1056768K
  class space    used 620K, capacity 656K, committed 768K, reserved 1048576K
GC Heap History (10 events):
Event: 23,713 GC heap after
Heap after GC invocations=21 (full 4):
 PSYoungGen      total 692736K, used 71201K [0x000000076ab00000, 0x00000007a2100000, 0x00000007c0000000)
  eden space 534528K, 0% used [0x000000076ab00000,0x000000076ab00000,0x000000078b500000)
  from space 158208K, 45% used [0x000000078b500000,0x000000078fa88568,0x0000000794f80000)
  to   space 156672K, 0% used [0x0000000798800000,0x0000000798800000,0x00000007a2100000)
 ParOldGen       total 735744K, used 474086K [0x00000006c0000000, 0x00000006ece80000, 0x000000076ab00000)
  object space 735744K, 64% used [0x00000006c0000000,0x00000006dcef9a90,0x00000006ece80000)
 Metaspace       used 6712K, capacity 7384K, committed 7680K, reserved 1056768K
  class space    used 613K, capacity 656K, committed 768K, reserved 1048576K
}
Event: 27,163 GC heap before
{Heap before GC invocations=22 (full 4):
 PSYoungGen      total 692736K, used 605729K [0x000000076ab00000, 0x00000007a2100000, 0x00000007c0000000)
  eden space 534528K, 100% used [0x000000076ab00000,0x000000078b500000,0x000000078b500000)
  from space 158208K, 45% used [0x000000078b500000,0x000000078fa88568,0x0000000794f80000)
  to   space 156672K, 0% used [0x0000000798800000,0x0000000798800000,0x00000007a2100000)
 ParOldGen       total 735744K, used 474086K [0x00000006c0000000, 0x00000006ece80000, 0x000000076ab00000)
  object space 735744K, 64% used [0x00000006c0000000,0x00000006dcef9a90,0x00000006ece80000)
 Metaspace       used 6713K, capacity 7384K, committed 7680K, reserved 1056768K
  class space    used 613K, capacity 656K, committed 768K, reserved 1048576K
Event: 27,487 GC heap after
Heap after GC invocations=22 (full 4):
 PSYoungGen      total 733184K, used 133351K [0x000000076ab00000, 0x00000007a3d80000, 0x00000007c0000000)
  eden space 576512K, 0% used [0x000000076ab00000,0x000000076ab00000,0x000000078de00000)
  from space 156672K, 85% used [0x0000000798800000,0x00000007a0a39c28,0x00000007a2100000)
  to   space 174080K, 0% used [0x000000078de00000,0x000000078de00000,0x0000000798800000)
 ParOldGen       total 735744K, used 474086K [0x00000006c0000000, 0x00000006ece80000, 0x000000076ab00000)
  object space 735744K, 64% used [0x00000006c0000000,0x00000006dcef9a90,0x00000006ece80000)
 Metaspace       used 6713K, capacity 7384K, committed 7680K, reserved 1056768K
  class space    used 613K, capacity 656K, committed 768K, reserved 1048576K
}
Event: 28,502 GC heap before
{Heap before GC invocations=23 (full 4):
 PSYoungGen      total 733184K, used 709863K [0x000000076ab00000, 0x00000007a3d80000, 0x00000007c0000000)
  eden space 576512K, 100% used [0x000000076ab00000,0x000000078de00000,0x000000078de00000)
  from space 156672K, 85% used [0x0000000798800000,0x00000007a0a39c28,0x00000007a2100000)
  to   space 174080K, 0% used [0x000000078de00000,0x000000078de00000,0x0000000798800000)
 ParOldGen       total 735744K, used 474086K [0x00000006c0000000, 0x00000006ece80000, 0x000000076ab00000)
  object space 735744K, 64% used [0x00000006c0000000,0x00000006dcef9a90,0x00000006ece80000)
 Metaspace       used 6713K, capacity 7384K, committed 7680K, reserved 1056768K
  class space    used 613K, capacity 656K, committed 768K, reserved 1048576K
Event: 28,706 GC heap after
Heap after GC invocations=23 (full 4):
 PSYoungGen      total 750592K, used 174055K [0x000000076ab00000, 0x00000007ac400000, 0x00000007c0000000)
  eden space 576512K, 0% used [0x000000076ab00000,0x000000076ab00000,0x000000078de00000)
  from space 174080K, 99% used [0x000000078de00000,0x00000007987f9e08,0x0000000798800000)
  to   space 215040K, 0% used [0x000000079f200000,0x000000079f200000,0x00000007ac400000)
 ParOldGen       total 735744K, used 506263K [0x00000006c0000000, 0x00000006ece80000, 0x000000076ab00000)
  object space 735744K, 68% used [0x00000006c0000000,0x00000006dee65f70,0x00000006ece80000)
 Metaspace       used 6713K, capacity 7384K, committed 7680K, reserved 1056768K
  class space    used 613K, capacity 656K, committed 768K, reserved 1048576K
}
Event: 30,378 GC heap before
{Heap before GC invocations=24 (full 4):
 PSYoungGen      total 750592K, used 750567K [0x000000076ab00000, 0x00000007ac400000, 0x00000007c0000000)
  eden space 576512K, 100% used [0x000000076ab00000,0x000000078de00000,0x000000078de00000)
  from space 174080K, 99% used [0x000000078de00000,0x00000007987f9e08,0x0000000798800000)
  to   space 215040K, 0% used [0x000000079f200000,0x000000079f200000,0x00000007ac400000)
 ParOldGen       total 735744K, used 506263K [0x00000006c0000000, 0x00000006ece80000, 0x000000076ab00000)
  object space 735744K, 68% used [0x00000006c0000000,0x00000006dee65f70,0x00000006ece80000)
 Metaspace       used 6714K, capacity 7384K, committed 7680K, reserved 1056768K
  class space    used 613K, capacity 656K, committed 768K, reserved 1048576K
Event: 30,713 GC heap after
Heap after GC invocations=24 (full 4):
 PSYoungGen      total 848896K, used 144865K [0x000000076ab00000, 0x00000007ade80000, 0x00000007c0000000)
  eden space 633856K, 0% used [0x000000076ab00000,0x000000076ab00000,0x0000000791600000)
  from space 215040K, 67% used [0x000000079f200000,0x00000007a7f78630,0x00000007ac400000)
  to   space 225280K, 0% used [0x0000000791600000,0x0000000791600000,0x000000079f200000)
 ParOldGen       total 735744K, used 589642K [0x00000006c0000000, 0x00000006ece80000, 0x000000076ab00000)
  object space 735744K, 80% used [0x00000006c0000000,0x00000006e3fd2bf8,0x00000006ece80000)
 Metaspace       used 6714K, capacity 7384K, committed 7680K, reserved 1056768K
  class space    used 613K, capacity 656K, committed 768K, reserved 1048576K
}
Event: 32,422 GC heap before
{Heap before GC invocations=25 (full 4):
 PSYoungGen      total 848896K, used 778721K [0x000000076ab00000, 0x00000007ade80000, 0x00000007c0000000)
  eden space 633856K, 100% used [0x000000076ab00000,0x0000000791600000,0x0000000791600000)
  from space 215040K, 67% used [0x000000079f200000,0x00000007a7f78630,0x00000007ac400000)
  to   space 225280K, 0% used [0x0000000791600000,0x0000000791600000,0x000000079f200000)
 ParOldGen       total 735744K, used 589642K [0x00000006c0000000, 0x00000006ece80000, 0x000000076ab00000)
  object space 735744K, 80% used [0x00000006c0000000,0x00000006e3fd2bf8,0x00000006ece80000)
 Metaspace       used 6787K, capacity 7384K, committed 7680K, reserved 1056768K
  class space    used 617K, capacity 656K, committed 768K, reserved 1048576K
Event: 32,680 GC heap after
Heap after GC invocations=25 (full 4):
 PSYoungGen      total 859136K, used 225266K [0x000000076ab00000, 0x00000007b7100000, 0x00000007c0000000)
  eden space 633856K, 0% used [0x000000076ab00000,0x000000076ab00000,0x0000000791600000)
  from space 225280K, 99% used [0x0000000791600000,0x000000079f1fc868,0x000000079f200000)
  to   space 267264K, 0% used [0x00000007a6c00000,0x00000007a6c00000,0x00000007b7100000)
 ParOldGen       total 735744K, used 602213K [0x00000006c0000000, 0x00000006ece80000, 0x000000076ab00000)
  object space 735744K, 81% used [0x00000006c0000000,0x00000006e4c19518,0x00000006ece80000)
 Metaspace       used 6787K, capacity 7384K, committed 7680K, reserved 1056768K
  class space    used 617K, capacity 656K, committed 768K, reserved 1048576K
}
Event: 34,922 GC heap before
{Heap before GC invocations=26 (full 4):
 PSYoungGen      total 859136K, used 859122K [0x000000076ab00000, 0x00000007b7100000, 0x00000007c0000000)
  eden space 633856K, 100% used [0x000000076ab00000,0x0000000791600000,0x0000000791600000)
  from space 225280K, 99% used [0x0000000791600000,0x000000079f1fc868,0x000000079f200000)
  to   space 267264K, 0% used [0x00000007a6c00000,0x00000007a6c00000,0x00000007b7100000)
 ParOldGen       total 735744K, used 602213K [0x00000006c0000000, 0x00000006ece80000, 0x000000076ab00000)
  object space 735744K, 81% used [0x00000006c0000000,0x00000006e4c19518,0x00000006ece80000)
 Metaspace       used 6863K, capacity 7448K, committed 7680K, reserved 1056768K
  class space    used 620K, capacity 656K, committed 768K, reserved 1048576K

