# JRE version: OpenJDK Runtime Environment (8.0_152-b01) (build 1.8.0_152-release-915-b01)
# Java VM: OpenJDK 64-Bit Server VM (25.152-b01 mixed mode linux-amd64 compressed oops)
Heap:
 PSYoungGen      total 988672K, used 0K [0x000000076ab00000, 0x00000007c0000000, 0x00000007c0000000)
  eden space 712704K, 0% used [0x000000076ab00000,0x000000076ab00000,0x0000000796300000)
  from space 275968K, 0% used [0x0000000796300000,0x0000000796300000,0x00000007a7080000)
  to   space 289280K, 0% used [0x00000007ae580000,0x00000007ae580000,0x00000007c0000000)
 ParOldGen       total 858112K, used 755434K [0x00000006c0000000, 0x00000006f4600000, 0x000000076ab00000)
  object space 858112K, 88% used [0x00000006c0000000,0x00000006ee1babf0,0x00000006f4600000)
 Metaspace       used 6709K, capacity 7384K, committed 7680K, reserved 1056768K
  class space    used 614K, capacity 656K, committed 768K, reserved 1048576K
GC Heap History (10 events):
Event: 20,064 GC heap after
Heap after GC invocations=17 (full 3):
 PSYoungGen      total 783872K, used 168438K [0x000000076ab00000, 0x00000007b4980000, 0x00000007c0000000)
  eden space 615424K, 0% used [0x000000076ab00000,0x000000076ab00000,0x0000000790400000)
  from space 168448K, 99% used [0x000000079fa00000,0x00000007a9e7d850,0x00000007a9e80000)
  to   space 251904K, 0% used [0x0000000790400000,0x0000000790400000,0x000000079fa00000)
 ParOldGen       total 544256K, used 543756K [0x00000006c0000000, 0x00000006e1380000, 0x000000076ab00000)
  object space 544256K, 99% used [0x00000006c0000000,0x00000006e1303350,0x00000006e1380000)
 Metaspace       used 6707K, capacity 7384K, committed 7680K, reserved 1056768K
  class space    used 614K, capacity 656K, committed 768K, reserved 1048576K
}
Event: 20,064 GC heap before
{Heap before GC invocations=18 (full 4):
 PSYoungGen      total 783872K, used 168438K [0x000000076ab00000, 0x00000007b4980000, 0x00000007c0000000)
  eden space 615424K, 0% used [0x000000076ab00000,0x000000076ab00000,0x0000000790400000)
  from space 168448K, 99% used [0x000000079fa00000,0x00000007a9e7d850,0x00000007a9e80000)
  to   space 251904K, 0% used [0x0000000790400000,0x0000000790400000,0x000000079fa00000)
 ParOldGen       total 544256K, used 543756K [0x00000006c0000000, 0x00000006e1380000, 0x000000076ab00000)
  object space 544256K, 99% used [0x00000006c0000000,0x00000006e1303350,0x00000006e1380000)
 Metaspace       used 6707K, capacity 7384K, committed 7680K, reserved 1056768K
  class space    used 614K, capacity 656K, committed 768K, reserved 1048576K
Event: 22,575 GC heap after
Heap after GC invocations=18 (full 4):
 PSYoungGen      total 783872K, used 157594K [0x000000076ab00000, 0x00000007b4980000, 0x00000007c0000000)
  eden space 615424K, 0% used [0x000000076ab00000,0x000000076ab00000,0x0000000790400000)
  from space 168448K, 93% used [0x000000079fa00000,0x00000007a93e6860,0x00000007a9e80000)
  to   space 251904K, 0% used [0x0000000790400000,0x0000000790400000,0x000000079fa00000)
 ParOldGen       total 858112K, used 543840K [0x00000006c0000000, 0x00000006f4600000, 0x000000076ab00000)
  object space 858112K, 63% used [0x00000006c0000000,0x00000006e13180c0,0x00000006f4600000)
 Metaspace       used 6707K, capacity 7384K, committed 7680K, reserved 1056768K
  class space    used 614K, capacity 656K, committed 768K, reserved 1048576K
}
Event: 24,298 GC heap before
{Heap before GC invocations=19 (full 4):
 PSYoungGen      total 783872K, used 773018K [0x000000076ab00000, 0x00000007b4980000, 0x00000007c0000000)
  eden space 615424K, 100% used [0x000000076ab00000,0x0000000790400000,0x0000000790400000)
  from space 168448K, 93% used [0x000000079fa00000,0x00000007a93e6860,0x00000007a9e80000)
  to   space 251904K, 0% used [0x0000000790400000,0x0000000790400000,0x000000079fa00000)
 ParOldGen       total 858112K, used 543840K [0x00000006c0000000, 0x00000006f4600000, 0x000000076ab00000)
  object space 858112K, 63% used [0x00000006c0000000,0x00000006e13180c0,0x00000006f4600000)
 Metaspace       used 6707K, capacity 7384K, committed 7680K, reserved 1056768K
  class space    used 614K, capacity 656K, committed 768K, reserved 1048576K
Event: 24,717 GC heap after
Heap after GC invocations=19 (full 4):
 PSYoungGen      total 867328K, used 206187K [0x000000076ab00000, 0x00000007b8200000, 0x00000007c0000000)
  eden space 615424K, 0% used [0x000000076ab00000,0x000000076ab00000,0x0000000790400000)
  from space 251904K, 81% used [0x0000000790400000,0x000000079cd5acb8,0x000000079fa00000)
  to   space 280064K, 0% used [0x00000007a7080000,0x00000007a7080000,0x00000007b8200000)
 ParOldGen       total 858112K, used 676293K [0x00000006c0000000, 0x00000006f4600000, 0x000000076ab00000)
  object space 858112K, 78% used [0x00000006c0000000,0x00000006e9471770,0x00000006f4600000)
 Metaspace       used 6707K, capacity 7384K, committed 7680K, reserved 1056768K
  class space    used 614K, capacity 656K, committed 768K, reserved 1048576K
}
Event: 26,425 GC heap before
{Heap before GC invocations=20 (full 4):
 PSYoungGen      total 867328K, used 821611K [0x000000076ab00000, 0x00000007b8200000, 0x00000007c0000000)
  eden space 615424K, 100% used [0x000000076ab00000,0x0000000790400000,0x0000000790400000)
  from space 251904K, 81% used [0x0000000790400000,0x000000079cd5acb8,0x000000079fa00000)
  to   space 280064K, 0% used [0x00000007a7080000,0x00000007a7080000,0x00000007b8200000)
 ParOldGen       total 858112K, used 676293K [0x00000006c0000000, 0x00000006f4600000, 0x000000076ab00000)
  object space 858112K, 78% used [0x00000006c0000000,0x00000006e9471770,0x00000006f4600000)
 Metaspace       used 6707K, capacity 7384K, committed 7680K, reserved 1056768K
  class space    used 614K, capacity 656K, committed 768K, reserved 1048576K
Event: 30,957 GC heap after
Heap after GC invocations=20 (full 4):
 PSYoungGen      total 992768K, used 136739K [0x000000076ab00000, 0x00000007bce80000, 0x00000007c0000000)
  eden space 712704K, 0% used [0x000000076ab00000,0x000000076ab00000,0x0000000796300000)
  from space 280064K, 48% used [0x00000007a7080000,0x00000007af608ff0,0x00000007b8200000)
  to   space 275968K, 0% used [0x0000000796300000,0x0000000796300000,0x00000007a7080000)
 ParOldGen       total 858112K, used 676293K [0x00000006c0000000, 0x00000006f4600000, 0x000000076ab00000)
  object space 858112K, 78% used [0x00000006c0000000,0x00000006e9471770,0x00000006f4600000)
 Metaspace       used 6707K, capacity 7384K, committed 7680K, reserved 1056768K
  class space    used 614K, capacity 656K, committed 768K, reserved 1048576K
}
Event: 32,776 GC heap before
{Heap before GC invocations=21 (full 4):
 PSYoungGen      total 992768K, used 849443K [0x000000076ab00000, 0x00000007bce80000, 0x00000007c0000000)
  eden space 712704K, 100% used [0x000000076ab00000,0x0000000796300000,0x0000000796300000)
  from space 280064K, 48% used [0x00000007a7080000,0x00000007af608ff0,0x00000007b8200000)
  to   space 275968K, 0% used [0x0000000796300000,0x0000000796300000,0x00000007a7080000)
 ParOldGen       total 858112K, used 676293K [0x00000006c0000000, 0x00000006f4600000, 0x000000076ab00000)
  object space 858112K, 78% used [0x00000006c0000000,0x00000006e9471770,0x00000006f4600000)
 Metaspace       used 6709K, capacity 7384K, committed 7680K, reserved 1056768K
  class space    used 614K, capacity 656K, committed 768K, reserved 1048576K
Event: 33,836 GC heap after
Heap after GC invocations=21 (full 4):
 PSYoungGen      total 988672K, used 185069K [0x000000076ab00000, 0x00000007c0000000, 0x00000007c0000000)
  eden space 712704K, 0% used [0x000000076ab00000,0x000000076ab00000,0x0000000796300000)
  from space 275968K, 67% used [0x0000000796300000,0x00000007a17bb730,0x00000007a7080000)
  to   space 289280K, 0% used [0x00000007ae580000,0x00000007ae580000,0x00000007c0000000)
 ParOldGen       total 858112K, used 736843K [0x00000006c0000000, 0x00000006f4600000, 0x000000076ab00000)
  object space 858112K, 85% used [0x00000006c0000000,0x00000006ecf92e88,0x00000006f4600000)
 Metaspace       used 6709K, capacity 7384K, committed 7680K, reserved 1056768K
  class space    used 614K, capacity 656K, committed 768K, reserved 1048576K
}
Event: 33,840 GC heap before
{Heap before GC invocations=22 (full 5):
 PSYoungGen      total 988672K, used 185069K [0x000000076ab00000, 0x00000007c0000000, 0x00000007c0000000)
  eden space 712704K, 0% used [0x000000076ab00000,0x000000076ab00000,0x0000000796300000)
  from space 275968K, 67% used [0x0000000796300000,0x00000007a17bb730,0x00000007a7080000)
  to   space 289280K, 0% used [0x00000007ae580000,0x00000007ae580000,0x00000007c0000000)
 ParOldGen       total 858112K, used 736843K [0x00000006c0000000, 0x00000006f4600000, 0x000000076ab00000)
  object space 858112K, 85% used [0x00000006c0000000,0x00000006ecf92e88,0x00000006f4600000)
 Metaspace       used 6709K, capacity 7384K, committed 7680K, reserved 1056768K
  class space    used 614K, capacity 656K, committed 768K, reserved 1048576K

