# JRE version: OpenJDK Runtime Environment (8.0_152-b01) (build 1.8.0_152-release-915-b01)
# Java VM: OpenJDK 64-Bit Server VM (25.152-b01 mixed mode linux-amd64 compressed oops)
Heap:
 PSYoungGen      total 1046528K, used 93527K [0x000000076ab00000, 0x00000007c0000000, 0x00000007c0000000)
  eden space 747520K, 0% used [0x000000076ab00000,0x000000076ab00000,0x0000000798500000)
  from space 299008K, 31% used [0x00000007adc00000,0x00000007b3755f30,0x00000007c0000000)
  to   space 325120K, 0% used [0x0000000798500000,0x0000000798500000,0x00000007ac280000)
 ParOldGen       total 782336K, used 781914K [0x00000006c0000000, 0x00000006efc00000, 0x000000076ab00000)
  object space 782336K, 99% used [0x00000006c0000000,0x00000006efb96890,0x00000006efc00000)
 Metaspace       used 7016K, capacity 7576K, committed 7936K, reserved 1056768K
  class space    used 629K, capacity 656K, committed 768K, reserved 1048576K
GC Heap History (10 events):
Event: 22,163 GC heap after
Heap after GC invocations=18 (full 4):
 PSYoungGen      total 824320K, used 158498K [0x000000076ab00000, 0x00000007b4980000, 0x00000007c0000000)
  eden space 657408K, 0% used [0x000000076ab00000,0x000000076ab00000,0x0000000792d00000)
  from space 166912K, 94% used [0x00000007a1300000,0x00000007aadc8830,0x00000007ab600000)
  to   space 235520K, 0% used [0x0000000792d00000,0x0000000792d00000,0x00000007a1300000)
 ParOldGen       total 782336K, used 495394K [0x00000006c0000000, 0x00000006efc00000, 0x000000076ab00000)
  object space 782336K, 63% used [0x00000006c0000000,0x00000006de3c8b78,0x00000006efc00000)
 Metaspace       used 6704K, capacity 7320K, committed 7680K, reserved 1056768K
  class space    used 613K, capacity 656K, committed 768K, reserved 1048576K
}
Event: 23,650 GC heap before
{Heap before GC invocations=19 (full 4):
 PSYoungGen      total 824320K, used 815906K [0x000000076ab00000, 0x00000007b4980000, 0x00000007c0000000)
  eden space 657408K, 100% used [0x000000076ab00000,0x0000000792d00000,0x0000000792d00000)
  from space 166912K, 94% used [0x00000007a1300000,0x00000007aadc8830,0x00000007ab600000)
  to   space 235520K, 0% used [0x0000000792d00000,0x0000000792d00000,0x00000007a1300000)
 ParOldGen       total 782336K, used 495394K [0x00000006c0000000, 0x00000006efc00000, 0x000000076ab00000)
  object space 782336K, 63% used [0x00000006c0000000,0x00000006de3c8b78,0x00000006efc00000)
 Metaspace       used 6704K, capacity 7320K, committed 7680K, reserved 1056768K
  class space    used 613K, capacity 656K, committed 768K, reserved 1048576K
Event: 24,063 GC heap after
Heap after GC invocations=19 (full 4):
 PSYoungGen      total 892928K, used 170941K [0x000000076ab00000, 0x00000007b8880000, 0x00000007c0000000)
  eden space 657408K, 0% used [0x000000076ab00000,0x000000076ab00000,0x0000000792d00000)
  from space 235520K, 72% used [0x0000000792d00000,0x000000079d3ef6a0,0x00000007a1300000)
  to   space 253440K, 0% used [0x00000007a9100000,0x00000007a9100000,0x00000007b8880000)
 ParOldGen       total 782336K, used 600769K [0x00000006c0000000, 0x00000006efc00000, 0x000000076ab00000)
  object space 782336K, 76% used [0x00000006c0000000,0x00000006e4ab06e8,0x00000006efc00000)
 Metaspace       used 6704K, capacity 7320K, committed 7680K, reserved 1056768K
  class space    used 613K, capacity 656K, committed 768K, reserved 1048576K
}
Event: 26,526 GC heap before
{Heap before GC invocations=20 (full 4):
 PSYoungGen      total 892928K, used 828349K [0x000000076ab00000, 0x00000007b8880000, 0x00000007c0000000)
  eden space 657408K, 100% used [0x000000076ab00000,0x0000000792d00000,0x0000000792d00000)
  from space 235520K, 72% used [0x0000000792d00000,0x000000079d3ef6a0,0x00000007a1300000)
  to   space 253440K, 0% used [0x00000007a9100000,0x00000007a9100000,0x00000007b8880000)
 ParOldGen       total 782336K, used 600769K [0x00000006c0000000, 0x00000006efc00000, 0x000000076ab00000)
  object space 782336K, 76% used [0x00000006c0000000,0x00000006e4ab06e8,0x00000006efc00000)
 Metaspace       used 6708K, capacity 7384K, committed 7680K, reserved 1056768K
  class space    used 613K, capacity 656K, committed 768K, reserved 1048576K
Event: 26,824 GC heap after
Heap after GC invocations=20 (full 4):
 PSYoungGen      total 1014784K, used 141251K [0x000000076ab00000, 0x00000007b8700000, 0x00000007c0000000)
  eden space 762880K, 0% used [0x000000076ab00000,0x000000076ab00000,0x0000000799400000)
  from space 251904K, 56% used [0x00000007a9100000,0x00000007b1af0c00,0x00000007b8700000)
  to   space 255488K, 0% used [0x0000000799400000,0x0000000799400000,0x00000007a8d80000)
 ParOldGen       total 782336K, used 600769K [0x00000006c0000000, 0x00000006efc00000, 0x000000076ab00000)
  object space 782336K, 76% used [0x00000006c0000000,0x00000006e4ab06e8,0x00000006efc00000)
 Metaspace       used 6708K, capacity 7384K, committed 7680K, reserved 1056768K
  class space    used 613K, capacity 656K, committed 768K, reserved 1048576K
}
Event: 29,462 GC heap before
{Heap before GC invocations=21 (full 4):
 PSYoungGen      total 1014784K, used 904131K [0x000000076ab00000, 0x00000007b8700000, 0x00000007c0000000)
  eden space 762880K, 100% used [0x000000076ab00000,0x0000000799400000,0x0000000799400000)
  from space 251904K, 56% used [0x00000007a9100000,0x00000007b1af0c00,0x00000007b8700000)
  to   space 255488K, 0% used [0x0000000799400000,0x0000000799400000,0x00000007a8d80000)
 ParOldGen       total 782336K, used 600769K [0x00000006c0000000, 0x00000006efc00000, 0x000000076ab00000)
  object space 782336K, 76% used [0x00000006c0000000,0x00000006e4ab06e8,0x00000006efc00000)
 Metaspace       used 6708K, capacity 7384K, committed 7680K, reserved 1056768K
  class space    used 613K, capacity 656K, committed 768K, reserved 1048576K
Event: 29,695 GC heap after
Heap after GC invocations=21 (full 4):
 PSYoungGen      total 1018368K, used 255484K [0x000000076ab00000, 0x00000007c0000000, 0x00000007c0000000)
  eden space 762880K, 0% used [0x000000076ab00000,0x000000076ab00000,0x0000000799400000)
  from space 255488K, 99% used [0x0000000799400000,0x00000007a8d7f010,0x00000007a8d80000)
  to   space 299008K, 0% used [0x00000007adc00000,0x00000007adc00000,0x00000007c0000000)
 ParOldGen       total 782336K, used 601273K [0x00000006c0000000, 0x00000006efc00000, 0x000000076ab00000)
  object space 782336K, 76% used [0x00000006c0000000,0x00000006e4b2e618,0x00000006efc00000)
 Metaspace       used 6708K, capacity 7384K, committed 7680K, reserved 1056768K
  class space    used 613K, capacity 656K, committed 768K, reserved 1048576K
}
Event: 32,390 GC heap before
{Heap before GC invocations=22 (full 4):
 PSYoungGen      total 1018368K, used 1018364K [0x000000076ab00000, 0x00000007c0000000, 0x00000007c0000000)
  eden space 762880K, 100% used [0x000000076ab00000,0x0000000799400000,0x0000000799400000)
  from space 255488K, 99% used [0x0000000799400000,0x00000007a8d7f010,0x00000007a8d80000)
  to   space 299008K, 0% used [0x00000007adc00000,0x00000007adc00000,0x00000007c0000000)
 ParOldGen       total 782336K, used 601273K [0x00000006c0000000, 0x00000006efc00000, 0x000000076ab00000)
  object space 782336K, 76% used [0x00000006c0000000,0x00000006e4b2e618,0x00000006efc00000)
 Metaspace       used 7016K, capacity 7576K, committed 7936K, reserved 1056768K
  class space    used 629K, capacity 656K, committed 768K, reserved 1048576K
Event: 44,384 GC heap after
Heap after GC invocations=22 (full 4):
 PSYoungGen      total 1046528K, used 233922K [0x000000076ab00000, 0x00000007c0000000, 0x00000007c0000000)
  eden space 747520K, 0% used [0x000000076ab00000,0x000000076ab00000,0x0000000798500000)
  from space 299008K, 78% used [0x00000007adc00000,0x00000007bc070ba0,0x00000007c0000000)
  to   space 325120K, 0% used [0x0000000798500000,0x0000000798500000,0x00000007ac280000)
 ParOldGen       total 782336K, used 740086K [0x00000006c0000000, 0x00000006efc00000, 0x000000076ab00000)
  object space 782336K, 94% used [0x00000006c0000000,0x00000006ed2bd8a0,0x00000006efc00000)
 Metaspace       used 7016K, capacity 7576K, committed 7936K, reserved 1056768K
  class space    used 629K, capacity 656K, committed 768K, reserved 1048576K
}
Event: 44,384 GC heap before
{Heap before GC invocations=23 (full 5):
 PSYoungGen      total 1046528K, used 233922K [0x000000076ab00000, 0x00000007c0000000, 0x00000007c0000000)
  eden space 747520K, 0% used [0x000000076ab00000,0x000000076ab00000,0x0000000798500000)
  from space 299008K, 78% used [0x00000007adc00000,0x00000007bc070ba0,0x00000007c0000000)
  to   space 325120K, 0% used [0x0000000798500000,0x0000000798500000,0x00000007ac280000)
 ParOldGen       total 782336K, used 740086K [0x00000006c0000000, 0x00000006efc00000, 0x000000076ab00000)
  object space 782336K, 94% used [0x00000006c0000000,0x00000006ed2bd8a0,0x00000006efc00000)
 Metaspace       used 7016K, capacity 7576K, committed 7936K, reserved 1056768K
  class space    used 629K, capacity 656K, committed 768K, reserved 1048576K

